<?xml version="1.0" encoding="UTF-8"?>
<!-- Generated by org.testng.reporters.JUnitReportReporter -->
<testsuite hostname="DESKTOP-3LTT54D" failures="0" tests="1" name="runner.RunCuke" time="166.717" errors="1" timestamp="2024-08-27T11:59:43 IST" skipped="0">
  <testcase classname="runner.RunCuke" name="runScenario" time="166.717">
    <error message="An element could not be located on the page using the given search parameters.
For documentation on this error, please visit: https://www.selenium.dev/documentation/webdriver/troubleshooting/errors#no-such-element-exception
Build info: version: &#039;4.23.1&#039;, revision: &#039;656257d8e9&#039;
System info: os.name: &#039;Windows 10&#039;, os.arch: &#039;amd64&#039;, os.version: &#039;10.0&#039;, java.version: &#039;17.0.10&#039;
Driver info: io.appium.java_client.android.AndroidDriver
Command: [48bd52ce-e3eb-47f4-8ace-b33b64b07f28, findElement {value=//android.view.View[@content-desc=&quot;Kids&quot;], using=xpath}]
Capabilities {appium:appActivity: shoppersstop.shoppersstop.M..., appium:appPackage: shoppersstop.shoppersstop.uat, appium:automationName: UiAutomator2, appium:databaseEnabled: false, appium:desired: {appActivity: shoppersstop.shoppersstop.M..., appPackage: shoppersstop.shoppersstop.uat, automationName: UiAutomator2, deviceName: Vishnu&#039;s Galaxy M51, noRest: true, platformName: ANDROID, platformVersion: 12, udid: RZ8N82YLQBB}, appium:deviceApiLevel: 31, appium:deviceManufacturer: samsung, appium:deviceModel: SM-M515F, appium:deviceName: RZ8N82YLQBB, appium:deviceScreenDensity: 420, appium:deviceScreenSize: 1080x2400, appium:deviceUDID: RZ8N82YLQBB, appium:javascriptEnabled: true, appium:locationContextEnabled: false, appium:networkConnectionEnabled: true, appium:noRest: true, appium:pixelRatio: 2.625, appium:platformVersion: 12, appium:statBarHeight: 91, appium:takesScreenshot: true, appium:udid: RZ8N82YLQBB, appium:viewportRect: {height: 2309, left: 0, top: 91, width: 1080}, appium:warnings: {}, appium:webStorageEnabled: false, platformName: ANDROID}
Session ID: 48bd52ce-e3eb-47f4-8ace-b33b64b07f28" type="org.openqa.selenium.NoSuchElementException">
      <![CDATA[org.openqa.selenium.NoSuchElementException: An element could not be located on the page using the given search parameters.
For documentation on this error, please visit: https://www.selenium.dev/documentation/webdriver/troubleshooting/errors#no-such-element-exception
Build info: version: '4.23.1', revision: '656257d8e9'
System info: os.name: 'Windows 10', os.arch: 'amd64', os.version: '10.0', java.version: '17.0.10'
Driver info: io.appium.java_client.android.AndroidDriver
Command: [48bd52ce-e3eb-47f4-8ace-b33b64b07f28, findElement {value=//android.view.View[@content-desc="Kids"], using=xpath}]
Capabilities {appium:appActivity: shoppersstop.shoppersstop.M..., appium:appPackage: shoppersstop.shoppersstop.uat, appium:automationName: UiAutomator2, appium:databaseEnabled: false, appium:desired: {appActivity: shoppersstop.shoppersstop.M..., appPackage: shoppersstop.shoppersstop.uat, automationName: UiAutomator2, deviceName: Vishnu's Galaxy M51, noRest: true, platformName: ANDROID, platformVersion: 12, udid: RZ8N82YLQBB}, appium:deviceApiLevel: 31, appium:deviceManufacturer: samsung, appium:deviceModel: SM-M515F, appium:deviceName: RZ8N82YLQBB, appium:deviceScreenDensity: 420, appium:deviceScreenSize: 1080x2400, appium:deviceUDID: RZ8N82YLQBB, appium:javascriptEnabled: true, appium:locationContextEnabled: false, appium:networkConnectionEnabled: true, appium:noRest: true, appium:pixelRatio: 2.625, appium:platformVersion: 12, appium:statBarHeight: 91, appium:takesScreenshot: true, appium:udid: RZ8N82YLQBB, appium:viewportRect: {height: 2309, left: 0, top: 91, width: 1080}, appium:warnings: {}, appium:webStorageEnabled: false, platformName: ANDROID}
Session ID: 48bd52ce-e3eb-47f4-8ace-b33b64b07f28
at java.base/jdk.internal.reflect.NativeConstructorAccessorImpl.newInstance0(Native Method)
at java.base/jdk.internal.reflect.NativeConstructorAccessorImpl.newInstance(NativeConstructorAccessorImpl.java:77)
at java.base/jdk.internal.reflect.DelegatingConstructorAccessorImpl.newInstance(DelegatingConstructorAccessorImpl.java:45)
at java.base/java.lang.reflect.Constructor.newInstanceWithCaller(Constructor.java:499)
at java.base/java.lang.reflect.Constructor.newInstance(Constructor.java:480)
at org.openqa.selenium.remote.ErrorCodec.decode(ErrorCodec.java:167)
at org.openqa.selenium.remote.codec.w3c.W3CHttpResponseCodec.decode(W3CHttpResponseCodec.java:138)
at org.openqa.selenium.remote.codec.w3c.W3CHttpResponseCodec.decode(W3CHttpResponseCodec.java:50)
at org.openqa.selenium.remote.HttpCommandExecutor.execute(HttpCommandExecutor.java:190)
at io.appium.java_client.remote.AppiumCommandExecutor.execute(AppiumCommandExecutor.java:237)
at org.openqa.selenium.remote.RemoteWebDriver.execute(RemoteWebDriver.java:545)
at org.openqa.selenium.remote.ElementLocation$ElementFinder$2.findElement(ElementLocation.java:165)
at org.openqa.selenium.remote.ElementLocation.findElement(ElementLocation.java:59)
at org.openqa.selenium.remote.RemoteWebDriver.findElement(RemoteWebDriver.java:368)
at org.openqa.selenium.remote.RemoteWebDriver.findElement(RemoteWebDriver.java:362)
at org.openqa.selenium.support.pagefactory.DefaultElementLocator.findElement(DefaultElementLocator.java:68)
at org.openqa.selenium.support.pagefactory.internal.LocatingElementHandler.invoke(LocatingElementHandler.java:38)
at jdk.proxy2/jdk.proxy2.$Proxy28.click(Unknown Source)
at base.BaseScreen.clickElement(BaseScreen.java:42)
at screens.Categories.clickkid(Categories.java:74)
at steps.KidProduct.user_select_the_kid_category(KidProduct.java:22)
at ✽.User select the Kid category(file:///C:/Users/User/eclipse-workspace/mobile2/mobile2/src/test/resources/features/ShopperStop.feature:83)
]]>
    </error>
  </testcase> <!-- runScenario -->
</testsuite> <!-- runner.RunCuke -->
